build/app/outputs/mapping/release/seeds.txt
com.example.realestate.MainActivity
com.example.realestate.MainActivity: MainActivity()
...
androidx.appcompat.widget.Toolbar: void setNavigationContentDescription(int)
androidx.core.app.CoreComponentFactory
com.google.android.gms.auth.api.signin.GoogleSignInAccount: android.os.Parcelable$Creator CREATOR
androidx.lifecycle.ReportFragment$LifecycleCallbacks: void onActivityCreated(android.app.Activity,android.os.Bundle)
com.google.android.gms.internal.firebase-auth-api.zzjn: com.google.android.gms.internal.firebase-auth-api.zzaab zzf
com.google.firebase.database.connection.Connection$DisconnectReason: com.google.firebase.database.connection.Connection$DisconnectReason[] values()
io.flutter.embedding.engine.mutatorsstack.FlutterMutatorView
com.google.android.gms.internal.firebase-auth-api.zzgj: com.google.android.gms.internal.firebase-auth-api.zzgj zzb
androidx.appcompat.widget.AppCompatTextView
androidx.appcompat.widget.ButtonBarLayout: int getMinimumHeight()
androidx.lifecycle.Lifecycle$Event: androidx.lifecycle.Lifecycle$Event ON_STOP
androidx.vectordrawable.graphics.drawable.VectorDrawableCompat$VPathRenderer: void setRootAlpha(int)
androidx.appcompat.widget.AppCompatImageButton: void setImageURI(android.net.Uri)
io.flutter.plugin.platform.SingleViewPresentation: io.flutter.plugin.platform.AccessibilityEventsDelegate accessibilityEventsDelegate
androidx.lifecycle.Lifecycle$Event: androidx.lifecycle.Lifecycle$Event ON_DESTROY
androidx.appcompat.widget.Toolbar: void setCollapseIcon(int)
io.flutter.embedding.engine.FlutterJNI: void updateJavaAssetManager(android.content.res.AssetManager,java.lang.String)
com.google.android.gms.internal.firebase-auth-api.zzir
androidx.appcompat.widget.Toolbar: androidx.appcompat.widget.ActionMenuPresenter getOuterActionMenuPresenter()
androidx.appcompat.widget.AppCompatEditText: android.content.res.ColorStateList getSupportBackgroundTintList()
androidx.appcompat.view.menu.ActionMenuItemView: void setCheckable(boolean)
androidx.appcompat.widget.SearchView: void setOnSuggestionListener(androidx.appcompat.widget.SearchView$OnSuggestionListener)
com.yalantis.ucrop.view.CropImageView: void setMaxResultImageSizeY(int)
io.flutter.view.AccessibilityViewEmbedder: void setFlutterNodesTranslateBounds(android.view.accessibility.AccessibilityNodeInfo,android.graphics.Rect,android.view.accessibility.AccessibilityNodeInfo)
io.flutter.embedding.engine.FlutterJNI: void nativeUnregisterTexture(long,long)
androidx.appcompat.widget.Toolbar: android.view.Menu getMenu()
io.flutter.embedding.engine.systemchannels.PlatformChannel$HapticFeedbackType: io.flutter.embedding.engine.systemchannels.PlatformChannel$HapticFeedbackType[] values()
androidx.appcompat.widget.AppCompatCheckBox: int getCompoundPaddingLeft()
androidx.appcompat.widget.MenuPopupWindow$MenuDropDownListView: void setHoverListener(androidx.appcompat.widget.MenuItemHoverListener)
androidx.appcompat.widget.AppCompatSpinner: android.graphics.PorterDuff$Mode getSupportBackgroundTintMode()
com.google.android.gms.internal.firebase-auth-api.zzhd: com.google.android.gms.internal.firebase-auth-api.zzyu zzg
io.flutter.embedding.engine.FlutterJNI: void onDisplayPlatformView(int,int,int,int,int,int,int,io.flutter.embedding.engine.mutatorsstack.FlutterMutatorsStack)
com.google.android.gms.internal.firebase-auth-api.zzht
io.flutter.view.FlutterCallbackInformation: java.lang.String callbackName
com.google.android.gms.internal.firebase-auth-api.zzmm: android.os.Parcelable$Creator CREATOR
com.google.firebase.auth.FirebaseAuthRegistrar: FirebaseAuthRegistrar()
com.google.firebase.database.DatabaseRegistrar
io.flutter.embedding.android.FlutterActivity: FlutterActivity()
androidx.appcompat.widget.ActivityChooserView$InnerLayout: ActivityChooserView$InnerLayout(android.content.Context,android.util.AttributeSet)
com.google.android.gms.common.api.internal.LifecycleCallback
androidx.activity.ComponentActivity$3
androidx.appcompat.widget.AppCompatImageView: AppCompatImageView(android.content.Context,android.util.AttributeSet)