build/app/outputs/mapping/release/mapping.txt
# compiler: R8
# compiler_version: 2.1.62
# min_api: 21
# pg_map_id: c4490da
# common_typos_disable
...
okhttp3.MediaType -> d.u:
okhttp3.OkHttpClient -> d.v:
    javax.net.SocketFactory socketFactory -> o
    okhttp3.ConnectionPool connectionPool -> v
    java.net.ProxySelector proxySelector -> k
    java.net.Proxy proxy -> e
    okhttp3.EventListener$Factory eventListenerFactory -> j
    int pingInterval -> E
    int readTimeout -> C
    int callTimeout -> A
    okhttp3.internal.tls.CertificateChainCleaner certificateChainCleaner -> q
    java.util.List protocols -> f
    okhttp3.Dns dns -> w
    boolean followRedirects -> y
    java.util.List interceptors -> h
    java.util.List DEFAULT_CONNECTION_SPECS -> G
    okhttp3.CertificatePinner certificatePinner -> s
    javax.net.ssl.SSLSocketFactory sslSocketFactory -> p
    okhttp3.internal.cache.InternalCache internalCache -> n
    javax.net.ssl.HostnameVerifier hostnameVerifier -> r
    int writeTimeout -> D
    okhttp3.Dispatcher dispatcher -> d
    okhttp3.CookieJar cookieJar -> l
    boolean followSslRedirects -> x
    int connectTimeout -> B
    okhttp3.Authenticator authenticator -> u
    okhttp3.Authenticator proxyAuthenticator -> t
    java.util.List DEFAULT_PROTOCOLS -> F
    boolean retryOnConnectionFailure -> z
    okhttp3.Cache cache -> m
    java.util.List networkInterceptors -> i
    java.util.List connectionSpecs -> g
    javax.net.SocketFactory socketFactory() -> A
    javax.net.ssl.SSLSocketFactory sslSocketFactory() -> B
    int writeTimeoutMillis() -> C
    okhttp3.Authenticator authenticator() -> a
    int callTimeoutMillis() -> b
okhttp3.OkHttpClient$1 -> d.v$a:
    void addLenient(okhttp3.Headers$Builder,java.lang.String) -> a
    void addLenient(okhttp3.Headers$Builder,java.lang.String,java.lang.String) -> b
    void apply(okhttp3.ConnectionSpec,javax.net.ssl.SSLSocket,boolean) -> c
    int code(okhttp3.Response$Builder) -> d
    boolean connectionBecameIdle(okhttp3.ConnectionPool,okhttp3.internal.connection.RealConnection) -> e
    java.net.Socket deduplicate(okhttp3.ConnectionPool,okhttp3.Address,okhttp3.internal.connection.StreamAllocation) -> f
    boolean equalsNonHost(okhttp3.Address,okhttp3.Address) -> g
    okhttp3.internal.connection.RealConnection get(okhttp3.ConnectionPool,okhttp3.Address,okhttp3.internal.connection.StreamAllocation,okhttp3.Route) -> h
    void put(okhttp3.ConnectionPool,okhttp3.internal.connection.RealConnection) -> i
    okhttp3.internal.connection.RouteDatabase routeDatabase(okhttp3.ConnectionPool) -> j
    java.io.IOException timeoutExit(okhttp3.Call,java.io.IOException) -> k
okhttp3.OkHttpClient$Builder -> d.v$b:
    okhttp3.internal.cache.InternalCache internalCache -> k
    okhttp3.CookieJar cookieJar -> i
    boolean followSslRedirects -> u
    boolean retryOnConnectionFailure -> w
    okhttp3.Dispatcher dispatcher -> a
    javax.net.ssl.HostnameVerifier hostnameVerifier -> o
    int writeTimeout -> A
    okhttp3.Authenticator proxyAuthenticator -> q
    java.util.List networkInterceptors -> f
    java.util.List connectionSpecs -> d
    int connectTimeout -> y
    okhttp3.Cache cache -> j
    javax.net.SocketFactory socketFactory -> l
    okhttp3.ConnectionPool connectionPool -> s
    java.net.ProxySelector proxySelector -> h
    boolean followRedirects -> v
    java.net.Proxy proxy -> b
    int pingInterval -> B
    okhttp3.EventListener$Factory eventListenerFactory -> g
    javax.net.ssl.SSLSocketFactory sslSocketFactory -> m
    okhttp3.Dns dns -> t
    okhttp3.Authenticator authenticator -> r
    int readTimeout -> z
    java.util.List interceptors -> e
    int callTimeout -> x
    java.util.List protocols -> c
    okhttp3.CertificatePinner certificatePinner -> p
    okhttp3.internal.tls.CertificateChainCleaner certificateChainCleaner -> n