build/app/outputs/mapping/release/usage.txt
com.example.realestate.R$integer
com.example.realestate.R
com.example.realestate.R$color
com.example.realestate.R$id
com.example.realestate.R$animator
com.example.realestate.R$interpolator
com.example.realestate.R$string
com.example.realestate.R$layout
com.example.realestate.R$attr
com.example.realestate.R$anim
com.example.realestate.R$xml
com.example.realestate.R$drawable
com.example.realestate.R$style
com.example.realestate.R$menu
com.example.realestate.R$dimen
com.example.realestate.R$bool
com.example.realestate.R$mipmap
com.example.realestate.BuildConfig
com.example.realestate.R$styleable
...
androidx.swiperefreshlayout.widget.CircleImageView
com.google.android.gms.common.data.DataBufferObserver$Observable
androidx.swiperefreshlayout.R$attr
androidx.transition.R$integer
com.google.firebase.database.core.utilities.Tree:
    public com.google.firebase.database.core.utilities.TreeNode lastNodeOnPath(com.google.firebase.database.core.Path)
    public com.google.firebase.database.core.utilities.Tree getParent()
    public com.google.firebase.database.snapshot.ChildKey getName()
    public void forEachDescendant(com.google.firebase.database.core.utilities.Tree$TreeVisitor,boolean)
androidx.fragment.R$integer
com.google.firebase.database.core.utilities.Validation:
    public void <init>()
androidx.core.os.ExecutorCompat$HandlerExecutor
com.google.android.gms.internal.firebase-auth-api.zzin:
    static void <clinit>()
    static final synthetic int[] zza
androidx.appcompat.view.menu.MenuPopup:
    public androidx.appcompat.view.menu.MenuView getMenuView(android.view.ViewGroup)
    public int getId()
androidx.legacy.coreui.R$style
androidx.transition.ObjectAnimatorUtils:
    private void <init>()
androidx.core.graphics.drawable.DrawableCompat:
    public static void clearColorFilter(android.graphics.drawable.Drawable)
    public static android.graphics.drawable.Drawable unwrap(android.graphics.drawable.Drawable)
    private void <init>()
    private static final java.lang.String TAG
com.google.android.gms.common.internal.AuthAccountRequest
com.google.android.gms.safetynet.SafetyNetApi$HarmfulAppsResponse
androidx.legacy.coreutils.R$styleable
androidx.viewpager.R$id
okhttp3.Request$Builder:
    public okhttp3.Request$Builder url(java.net.URL)
    public okhttp3.Request$Builder addHeader(java.lang.String,java.lang.String)
    public okhttp3.Request$Builder cacheControl(okhttp3.CacheControl)
    public okhttp3.Request$Builder get()
    public okhttp3.Request$Builder head()
    public okhttp3.Request$Builder post(okhttp3.RequestBody)
    public okhttp3.Request$Builder delete(okhttp3.RequestBody)
    public okhttp3.Request$Builder delete()
    public okhttp3.Request$Builder put(okhttp3.RequestBody)
    public okhttp3.Request$Builder patch(okhttp3.RequestBody)
    public okhttp3.Request$Builder tag(java.lang.Object)
    public okhttp3.Request$Builder tag(java.lang.Class,java.lang.Object)
com.google.firebase.auth.internal.InternalAuthProvider:
    public abstract java.lang.String getUid()
    public abstract void removeIdTokenListener(com.google.firebase.auth.internal.IdTokenListener)
com.google.firebase.annotations.DeferredApi
com.google.android.gms.common.api.Batch$Builder
com.google.android.gms.common.api.internal.zaay
okhttp3.internal.tls.DistinguishedNameParser
com.google.android.gms.common.server.converter.StringToIntConverter
androidx.viewpager.widget.ViewPager$MyAccessibilityDelegate
androidx.viewpager.R$attr
androidx.legacy.coreutils.R$layout
com.yalantis.ucrop.view.UCropView:
    public void resetCropImageView()
androidx.lifecycle.Transformations$1
com.google.android.gms.common.util.concurrent.zza
com.yalantis.ucrop.R$animator
androidx.core.util.TimeUtils
com.google.firebase.appcheck.interop.R$dimen
androidx.legacy.coreutils.R$string
androidx.core.view.WindowInsetsControllerCompat
androidx.activity.R$layout
androidx.appcompat.widget.DecorContentParent:
    public abstract java.lang.CharSequence getTitle()
    public abstract void setUiOptions(int)
    public abstract boolean hasIcon()
    public abstract boolean hasLogo()
    public abstract void setIcon(int)
    public abstract void setIcon(android.graphics.drawable.Drawable)
    public abstract void setLogo(int)
    public abstract void saveToolbarHierarchyState(android.util.SparseArray)
    public abstract void restoreToolbarHierarchyState(android.util.SparseArray)
androidx.viewpager.R$style